<?xml version="1.0" ?>
<coverage version="7.6.10" timestamp="1737934600150" lines-valid="2" lines-covered="2" line-rate="1" branches-covered="0" branches-valid="0" branch-rate="0" complexity="0">
	<!-- Generated by coverage.py: https://coverage.readthedocs.io/en/7.6.10 -->
	<!-- Based on https://raw.githubusercontent.com/cobertura/web/master/htdocs/xml/coverage-04.dtd -->
	<sources>
		<source>/home/daniel/Documents/docker/volumes/scipy_notebook/term3/BigDataCapstoneProject/AutoApply/src</source>
	</sources>
	<packages>
		<package name="test" line-rate="1" branch-rate="0" complexity="0">
			<classes>
				<class name="test_dummy.py" filename="test/test_dummy.py" complexity="0" line-rate="1" branch-rate="0">
					<methods/>
					<lines>
						<line number="1" hits="1"/>
						<line number="2" hits="1"/>
					</lines>
				</class>
			</classes>
		</package>
	</packages>
</coverage>
